\BOOKMARK [0][]{chapter*.1}{Summary \(English\)}{}% 1
\BOOKMARK [0][]{chapter*.2}{Summary \(Danish\)}{}% 2
\BOOKMARK [0][]{chapter*.3}{Preface}{}% 3
\BOOKMARK [0][]{chapter*.4}{Acknowledgements}{}% 4
\BOOKMARK [0][]{toc.0}{Contents}{}% 5
\BOOKMARK [0][]{chapter.1}{1 Introduction}{}% 6
\BOOKMARK [1][]{section.1.1}{1.1 Motivation}{chapter.1}% 7
\BOOKMARK [1][]{section.1.2}{1.2 Objective}{chapter.1}% 8
\BOOKMARK [1][]{section.1.3}{1.3 Scope and limitations}{chapter.1}% 9
\BOOKMARK [1][]{section.1.4}{1.4 Thesis Outline}{chapter.1}% 10
\BOOKMARK [0][]{chapter.2}{2 Data acquisition}{}% 11
\BOOKMARK [1][]{section.2.1}{2.1 FriendFinder app}{chapter.2}% 12
\BOOKMARK [2][]{subsection.2.1.1}{2.1.1 App overview and implementation}{section.2.1}% 13
\BOOKMARK [2][]{subsection.2.1.2}{2.1.2 Data}{section.2.1}% 14
\BOOKMARK [1][]{section.2.2}{2.2 SensibleDTU data}{chapter.2}% 15
\BOOKMARK [0][]{chapter.3}{3 Methods for inferring pairwise co-location}{}% 16
\BOOKMARK [1][]{section.3.1}{3.1 Naive Bayes}{chapter.3}% 17
\BOOKMARK [2][]{subsection.3.1.1}{3.1.1 Original}{section.3.1}% 18
\BOOKMARK [2][]{subsection.3.1.2}{3.1.2 V1}{section.3.1}% 19
\BOOKMARK [2][]{subsection.3.1.3}{3.1.3 V2}{section.3.1}% 20
\BOOKMARK [1][]{section.3.2}{3.2 HMM}{chapter.3}% 21
\BOOKMARK [1][]{section.3.3}{3.3 Recursive data}{chapter.3}% 22
\BOOKMARK [1][]{section.3.4}{3.4 Neural Networks}{chapter.3}% 23
\BOOKMARK [0][]{appendix.A}{A Stuff}{}% 24
\BOOKMARK [0][]{appendix.A}{Bibliography}{}% 25
