This is pdfTeX, Version 3.1415926-2.5-1.40.14 (MiKTeX 2.9) (preloaded format=pdflatex 2014.6.2)  18 JUN 2014 20:46
entering extended mode
**C:/D/scoala/teza/thesis_final/Thesis.tex
(C:/D/scoala/teza/thesis_final/Thesis.tex
LaTeX2e <2014/05/01>
Babel <3.9k> and hyphenation patterns for 68 languages loaded.
("C:\Program Files (x86)\MiKTeX 2.9\tex\latex\base\book.cls"
Document Class: book 2007/10/19 v1.4h Standard LaTeX document class
("C:\Program Files (x86)\MiKTeX 2.9\tex\latex\base\bk10.clo"
File: bk10.clo 2007/10/19 v1.4h Standard LaTeX file (size option)
)
\c@part=\count79
\c@chapter=\count80
\c@section=\count81
\c@subsection=\count82
\c@subsubsection=\count83
\c@paragraph=\count84
\c@subparagraph=\count85
\c@figure=\count86
\c@table=\count87
\abovecaptionskip=\skip41
\belowcaptionskip=\skip42
\bibindent=\dimen102
)
(C:\D\scoala\teza\thesis_final\LukeThesis.sty
----------------------------------------------------
USING LUKE'S PHD THESIS TEMPLATE 1.2
----------------------------------------------------
("C:\Program Files (x86)\MiKTeX 2.9\tex\latex\base\inputenc.sty"
Package: inputenc 2014/04/30 v1.2b Input encoding file
\inpenc@prehook=\toks14
\inpenc@posthook=\toks15

("C:\Program Files (x86)\MiKTeX 2.9\tex\latex\base\utf8.def"
File: utf8.def 2008/04/05 v1.1m UTF-8 support for inputenc
Now handling font encoding OML ...
... no UTF-8 mapping file for font encoding OML
Now handling font encoding T1 ...
... processing UTF-8 mapping file for font encoding T1

("C:\Program Files (x86)\MiKTeX 2.9\tex\latex\base\t1enc.dfu"
File: t1enc.dfu 2008/04/05 v1.1m UTF-8 support for inputenc
   defining Unicode char U+00A1 (decimal 161)
   defining Unicode char U+00A3 (decimal 163)
   defining Unicode char U+00AB (decimal 171)
   defining Unicode char U+00BB (decimal 187)
   defining Unicode char U+00BF (decimal 191)
   defining Unicode char U+00C0 (decimal 192)
   defining Unicode char U+00C1 (decimal 193)
   defining Unicode char U+00C2 (decimal 194)
   defining Unicode char U+00C3 (decimal 195)
   defining Unicode char U+00C4 (decimal 196)
   defining Unicode char U+00C5 (decimal 197)
   defining Unicode char U+00C6 (decimal 198)
   defining Unicode char U+00C7 (decimal 199)
   defining Unicode char U+00C8 (decimal 200)
   defining Unicode char U+00C9 (decimal 201)
   defining Unicode char U+00CA (decimal 202)
   defining Unicode char U+00CB (decimal 203)
   defining Unicode char U+00CC (decimal 204)
   defining Unicode char U+00CD (decimal 205)
   defining Unicode char U+00CE (decimal 206)
   defining Unicode char U+00CF (decimal 207)
   defining Unicode char U+00D0 (decimal 208)
   defining Unicode char U+00D1 (decimal 209)
   defining Unicode char U+00D2 (decimal 210)
   defining Unicode char U+00D3 (decimal 211)
   defining Unicode char U+00D4 (decimal 212)
   defining Unicode char U+00D5 (decimal 213)
   defining Unicode char U+00D6 (decimal 214)
   defining Unicode char U+00D8 (decimal 216)
   defining Unicode char U+00D9 (decimal 217)
   defining Unicode char U+00DA (decimal 218)
   defining Unicode char U+00DB (decimal 219)
   defining Unicode char U+00DC (decimal 220)
   defining Unicode char U+00DD (decimal 221)
   defining Unicode char U+00DE (decimal 222)
   defining Unicode char U+00DF (decimal 223)
   defining Unicode char U+00E0 (decimal 224)
   defining Unicode char U+00E1 (decimal 225)
   defining Unicode char U+00E2 (decimal 226)
   defining Unicode char U+00E3 (decimal 227)
   defining Unicode char U+00E4 (decimal 228)
   defining Unicode char U+00E5 (decimal 229)
   defining Unicode char U+00E6 (decimal 230)
   defining Unicode char U+00E7 (decimal 231)
   defining Unicode char U+00E8 (decimal 232)
   defining Unicode char U+00E9 (decimal 233)
   defining Unicode char U+00EA (decimal 234)
   defining Unicode char U+00EB (decimal 235)
   defining Unicode char U+00EC (decimal 236)
   defining Unicode char U+00ED (decimal 237)
   defining Unicode char U+00EE (decimal 238)
   defining Unicode char U+00EF (decimal 239)
   defining Unicode char U+00F0 (decimal 240)
   defining Unicode char U+00F1 (decimal 241)
   defining Unicode char U+00F2 (decimal 242)
   defining Unicode char U+00F3 (decimal 243)
   defining Unicode char U+00F4 (decimal 244)
   defining Unicode char U+00F5 (decimal 245)
   defining Unicode char U+00F6 (decimal 246)
   defining Unicode char U+00F8 (decimal 248)
   defining Unicode char U+00F9 (decimal 249)
   defining Unicode char U+00FA (decimal 250)
   defining Unicode char U+00FB (decimal 251)
   defining Unicode char U+00FC (decimal 252)
   defining Unicode char U+00FD (decimal 253)
   defining Unicode char U+00FE (decimal 254)
   defining Unicode char U+00FF (decimal 255)
   defining Unicode char U+0102 (decimal 258)
   defining Unicode char U+0103 (decimal 259)
   defining Unicode char U+0104 (decimal 260)
   defining Unicode char U+0105 (decimal 261)
   defining Unicode char U+0106 (decimal 262)
   defining Unicode char U+0107 (decimal 263)
   defining Unicode char U+010C (decimal 268)
   defining Unicode char U+010D (decimal 269)
   defining Unicode char U+010E (decimal 270)
   defining Unicode char U+010F (decimal 271)
   defining Unicode char U+0110 (decimal 272)
   defining Unicode char U+0111 (decimal 273)
   defining Unicode char U+0118 (decimal 280)
   defining Unicode char U+0119 (decimal 281)
   defining Unicode char U+011A (decimal 282)
   defining Unicode char U+011B (decimal 283)
   defining Unicode char U+011E (decimal 286)
   defining Unicode char U+011F (decimal 287)
   defining Unicode char U+0130 (decimal 304)
   defining Unicode char U+0131 (decimal 305)
   defining Unicode char U+0132 (decimal 306)
   defining Unicode char U+0133 (decimal 307)
   defining Unicode char U+0139 (decimal 313)
   defining Unicode char U+013A (decimal 314)
   defining Unicode char U+013D (decimal 317)
   defining Unicode char U+013E (decimal 318)
   defining Unicode char U+0141 (decimal 321)
   defining Unicode char U+0142 (decimal 322)
   defining Unicode char U+0143 (decimal 323)
   defining Unicode char U+0144 (decimal 324)
   defining Unicode char U+0147 (decimal 327)
   defining Unicode char U+0148 (decimal 328)
   defining Unicode char U+014A (decimal 330)
   defining Unicode char U+014B (decimal 331)
   defining Unicode char U+0150 (decimal 336)
   defining Unicode char U+0151 (decimal 337)
   defining Unicode char U+0152 (decimal 338)
   defining Unicode char U+0153 (decimal 339)
   defining Unicode char U+0154 (decimal 340)
   defining Unicode char U+0155 (decimal 341)
   defining Unicode char U+0158 (decimal 344)
   defining Unicode char U+0159 (decimal 345)
   defining Unicode char U+015A (decimal 346)
   defining Unicode char U+015B (decimal 347)
   defining Unicode char U+015E (decimal 350)
   defining Unicode char U+015F (decimal 351)
   defining Unicode char U+0160 (decimal 352)
   defining Unicode char U+0161 (decimal 353)
   defining Unicode char U+0162 (decimal 354)
   defining Unicode char U+0163 (decimal 355)
   defining Unicode char U+0164 (decimal 356)
   defining Unicode char U+0165 (decimal 357)
   defining Unicode char U+016E (decimal 366)
   defining Unicode char U+016F (decimal 367)
   defining Unicode char U+0170 (decimal 368)
   defining Unicode char U+0171 (decimal 369)
   defining Unicode char U+0178 (decimal 376)
   defining Unicode char U+0179 (decimal 377)
   defining Unicode char U+017A (decimal 378)
   defining Unicode char U+017B (decimal 379)
   defining Unicode char U+017C (decimal 380)
   defining Unicode char U+017D (decimal 381)
   defining Unicode char U+017E (decimal 382)
   defining Unicode char U+200C (decimal 8204)
   defining Unicode char U+2013 (decimal 8211)
   defining Unicode char U+2014 (decimal 8212)
   defining Unicode char U+2018 (decimal 8216)
   defining Unicode char U+2019 (decimal 8217)
   defining Unicode char U+201A (decimal 8218)
   defining Unicode char U+201C (decimal 8220)
   defining Unicode char U+201D (decimal 8221)
   defining Unicode char U+201E (decimal 8222)
   defining Unicode char U+2030 (decimal 8240)
   defining Unicode char U+2031 (decimal 8241)
   defining Unicode char U+2039 (decimal 8249)
   defining Unicode char U+203A (decimal 8250)
   defining Unicode char U+2423 (decimal 9251)
)
Now handling font encoding OT1 ...
... processing UTF-8 mapping file for font encoding OT1

("C:\Program Files (x86)\MiKTeX 2.9\tex\latex\base\ot1enc.dfu"
File: ot1enc.dfu 2008/04/05 v1.1m UTF-8 support for inputenc
   defining Unicode char U+00A1 (decimal 161)
   defining Unicode char U+00A3 (decimal 163)
   defining Unicode char U+00B8 (decimal 184)
   defining Unicode char U+00BF (decimal 191)
   defining Unicode char U+00C5 (decimal 197)
   defining Unicode char U+00C6 (decimal 198)
   defining Unicode char U+00D8 (decimal 216)
   defining Unicode char U+00DF (decimal 223)
   defining Unicode char U+00E6 (decimal 230)
   defining Unicode char U+00EC (decimal 236)
   defining Unicode char U+00ED (decimal 237)
   defining Unicode char U+00EE (decimal 238)
   defining Unicode char U+00EF (decimal 239)
   defining Unicode char U+00F8 (decimal 248)
   defining Unicode char U+0131 (decimal 305)
   defining Unicode char U+0141 (decimal 321)
   defining Unicode char U+0142 (decimal 322)
   defining Unicode char U+0152 (decimal 338)
   defining Unicode char U+0153 (decimal 339)
   defining Unicode char U+2013 (decimal 8211)
   defining Unicode char U+2014 (decimal 8212)
   defining Unicode char U+2018 (decimal 8216)
   defining Unicode char U+2019 (decimal 8217)
   defining Unicode char U+201C (decimal 8220)
   defining Unicode char U+201D (decimal 8221)
)
Now handling font encoding OMS ...
... processing UTF-8 mapping file for font encoding OMS

("C:\Program Files (x86)\MiKTeX 2.9\tex\latex\base\omsenc.dfu"
File: omsenc.dfu 2008/04/05 v1.1m UTF-8 support for inputenc
   defining Unicode char U+00A7 (decimal 167)
   defining Unicode char U+00B6 (decimal 182)
   defining Unicode char U+00B7 (decimal 183)
   defining Unicode char U+2020 (decimal 8224)
   defining Unicode char U+2021 (decimal 8225)
   defining Unicode char U+2022 (decimal 8226)
)
Now handling font encoding OMX ...
... no UTF-8 mapping file for font encoding OMX
Now handling font encoding U ...
... no UTF-8 mapping file for font encoding U
   defining Unicode char U+00A9 (decimal 169)
   defining Unicode char U+00AA (decimal 170)
   defining Unicode char U+00AE (decimal 174)
   defining Unicode char U+00BA (decimal 186)
   defining Unicode char U+02C6 (decimal 710)
   defining Unicode char U+02DC (decimal 732)
   defining Unicode char U+200C (decimal 8204)
   defining Unicode char U+2026 (decimal 8230)
   defining Unicode char U+2122 (decimal 8482)
   defining Unicode char U+2423 (decimal 9251)
))
("C:\Program Files (x86)\MiKTeX 2.9\tex\latex\base\fontenc.sty"
Package: fontenc 2005/09/27 v1.99g Standard LaTeX package

("C:\Program Files (x86)\MiKTeX 2.9\tex\latex\base\t1enc.def"
File: t1enc.def 2005/09/27 v1.99g Standard LaTeX file
LaTeX Font Info:    Redeclaring font encoding T1 on input line 43.
))
("C:\Program Files (x86)\MiKTeX 2.9\tex\latex\babel\babel.sty"
Package: babel 2014/03/24 3.9k The Babel package

*************************************
* Local config file bblopts.cfg used
*
("C:\Program Files (x86)\MiKTeX 2.9\tex\latex\00miktex\bblopts.cfg"
File: bblopts.cfg 2006/07/31 v1.0 MiKTeX 'babel' configuration
)
("C:\Program Files (x86)\MiKTeX 2.9\tex\latex\babel-danish\danish.ldf"
Language: danish 2009/09/19 v1.3r Danish support from the babel system

("C:\Program Files (x86)\MiKTeX 2.9\tex\latex\babel\babel.def"
File: babel.def 2014/03/24 3.9k Babel common definitions
\babel@savecnt=\count88
\U@D=\dimen103
)
Package babel Info: Making " an active character on input line 82.
)
("C:\Program Files (x86)\MiKTeX 2.9\tex\latex\babel-english\english.ldf"
Language: english 2012/08/20 v3.3p English support from the babel system
\l@canadian = a dialect from \language\l@american 
\l@australian = a dialect from \language\l@british 
\l@newzealand = a dialect from \language\l@british 
))
("C:\Program Files (x86)\MiKTeX 2.9\tex\latex\graphics\graphicx.sty"
Package: graphicx 2014/04/25 v1.0g Enhanced LaTeX Graphics (DPC,SPQR)

("C:\Program Files (x86)\MiKTeX 2.9\tex\latex\graphics\keyval.sty"
Package: keyval 2014/05/08 v1.15 key=value parser (DPC)
\KV@toks@=\toks16
)
("C:\Program Files (x86)\MiKTeX 2.9\tex\latex\graphics\graphics.sty"
Package: graphics 2009/02/05 v1.0o Standard LaTeX Graphics (DPC,SPQR)

("C:\Program Files (x86)\MiKTeX 2.9\tex\latex\graphics\trig.sty"
Package: trig 1999/03/16 v1.09 sin cos tan (DPC)
)
("C:\Program Files (x86)\MiKTeX 2.9\tex\latex\00miktex\graphics.cfg"
File: graphics.cfg 2007/01/18 v1.5 graphics configuration of teTeX/TeXLive
)
Package graphics Info: Driver file: pdftex.def on input line 91.

("C:\Program Files (x86)\MiKTeX 2.9\tex\latex\pdftex-def\pdftex.def"
File: pdftex.def 2011/05/27 v0.06d Graphics/color for pdfTeX

("C:\Program Files (x86)\MiKTeX 2.9\tex\generic\oberdiek\infwarerr.sty"
Package: infwarerr 2010/04/08 v1.3 Providing info/warning/error messages (HO)
)
("C:\Program Files (x86)\MiKTeX 2.9\tex\generic\oberdiek\ltxcmds.sty"
Package: ltxcmds 2011/11/09 v1.22 LaTeX kernel commands for general use (HO)
)
\Gread@gobject=\count89
))
\Gin@req@height=\dimen104
\Gin@req@width=\dimen105
)
("C:\Program Files (x86)\MiKTeX 2.9\tex\latex\xcolor\xcolor.sty"
Package: xcolor 2007/01/21 v2.11 LaTeX color extensions (UK)

("C:\Program Files (x86)\MiKTeX 2.9\tex\latex\00miktex\color.cfg"
File: color.cfg 2007/01/18 v1.5 color configuration of teTeX/TeXLive
)
Package xcolor Info: Driver file: pdftex.def on input line 225.
Package xcolor Info: Model `cmy' substituted by `cmy0' on input line 1337.
Package xcolor Info: Model `hsb' substituted by `rgb' on input line 1341.
Package xcolor Info: Model `RGB' extended on input line 1353.
Package xcolor Info: Model `HTML' substituted by `rgb' on input line 1355.
Package xcolor Info: Model `Hsb' substituted by `hsb' on input line 1356.
Package xcolor Info: Model `tHsb' substituted by `hsb' on input line 1357.
Package xcolor Info: Model `HSB' substituted by `hsb' on input line 1358.
Package xcolor Info: Model `Gray' substituted by `gray' on input line 1359.
Package xcolor Info: Model `wave' substituted by `hsb' on input line 1360.
)
("C:\Program Files (x86)\MiKTeX 2.9\tex\latex\caption\caption.sty"
Package: caption 2013/05/02 v3.3-89 Customizing captions (AR)

("C:\Program Files (x86)\MiKTeX 2.9\tex\latex\caption\caption3.sty"
Package: caption3 2013/05/02 v1.6-88 caption3 kernel (AR)
Package caption3 Info: TeX engine: e-TeX on input line 57.
\captionmargin=\dimen106
\captionmargin@=\dimen107
\captionwidth=\dimen108
\caption@tempdima=\dimen109
\caption@indent=\dimen110
\caption@parindent=\dimen111
\caption@hangindent=\dimen112
)
\c@ContinuedFloat=\count90
)
("C:\Program Files (x86)\MiKTeX 2.9\tex\latex\tools\varioref.sty"
Package: varioref 2011/10/02 v1.4z package for extended references (FMi)
\c@vrcnt=\count91
)
("C:\Program Files (x86)\MiKTeX 2.9\tex\latex\fancyhdr\fancyhdr.sty"
\fancy@headwidth=\skip43
\f@ncyO@elh=\skip44
\f@ncyO@erh=\skip45
\f@ncyO@olh=\skip46
\f@ncyO@orh=\skip47
\f@ncyO@elf=\skip48
\f@ncyO@erf=\skip49
\f@ncyO@olf=\skip50
\f@ncyO@orf=\skip51
)
("C:\Program Files (x86)\MiKTeX 2.9\tex\latex\hyperref\hyperref.sty"
Package: hyperref 2012/11/06 v6.83m Hypertext links for LaTeX

("C:\Program Files (x86)\MiKTeX 2.9\tex\generic\oberdiek\hobsub-hyperref.sty"
Package: hobsub-hyperref 2012/04/25 v1.12 Bundle oberdiek, subset hyperref (HO)


("C:\Program Files (x86)\MiKTeX 2.9\tex\generic\oberdiek\hobsub-generic.sty"
Package: hobsub-generic 2012/04/25 v1.12 Bundle oberdiek, subset generic (HO)
Package: hobsub 2012/04/25 v1.12 Construct package bundles (HO)
Package hobsub Info: Skipping package `infwarerr' (already loaded).
Package hobsub Info: Skipping package `ltxcmds' (already loaded).
Package: ifluatex 2010/03/01 v1.3 Provides the ifluatex switch (HO)
Package ifluatex Info: LuaTeX not detected.
Package: ifvtex 2010/03/01 v1.5 Detect VTeX and its facilities (HO)
Package ifvtex Info: VTeX not detected.
Package: intcalc 2007/09/27 v1.1 Expandable calculations with integers (HO)
Package: ifpdf 2011/01/30 v2.3 Provides the ifpdf switch (HO)
Package ifpdf Info: pdfTeX in PDF mode is detected.
Package: etexcmds 2011/02/16 v1.5 Avoid name clashes with e-TeX commands (HO)
Package etexcmds Info: Could not find \expanded.
(etexcmds)             That can mean that you are not using pdfTeX 1.50 or
(etexcmds)             that some package has redefined \expanded.
(etexcmds)             In the latter case, load this package earlier.
Package: kvsetkeys 2012/04/25 v1.16 Key value parser (HO)
Package: kvdefinekeys 2011/04/07 v1.3 Define keys (HO)
Package: pdftexcmds 2011/11/29 v0.20 Utility functions of pdfTeX for LuaTeX (HO
)
Package pdftexcmds Info: LuaTeX not detected.
Package pdftexcmds Info: \pdf@primitive is available.
Package pdftexcmds Info: \pdf@ifprimitive is available.
Package pdftexcmds Info: \pdfdraftmode found.
Package: pdfescape 2011/11/25 v1.13 Implements pdfTeX's escape features (HO)
Package: bigintcalc 2012/04/08 v1.3 Expandable calculations on big integers (HO
)
Package: bitset 2011/01/30 v1.1 Handle bit-vector datatype (HO)
Package: uniquecounter 2011/01/30 v1.2 Provide unlimited unique counter (HO)
)
Package hobsub Info: Skipping package `hobsub' (already loaded).
Package: letltxmacro 2010/09/02 v1.4 Let assignment for LaTeX macros (HO)
Package: hopatch 2011/06/24 v1.1 Wrapper for package hooks (HO)
Package: xcolor-patch 2011/01/30 xcolor patch
Package: atveryend 2011/06/30 v1.8 Hooks at the very end of document (HO)
Package atveryend Info: \enddocument detected (standard20110627).
Package: atbegshi 2011/10/05 v1.16 At begin shipout hook (HO)
Package: refcount 2011/10/16 v3.4 Data extraction from label references (HO)
Package: hycolor 2011/01/30 v1.7 Color options for hyperref/bookmark (HO)
)
("C:\Program Files (x86)\MiKTeX 2.9\tex\generic\ifxetex\ifxetex.sty"
Package: ifxetex 2010/09/12 v0.6 Provides ifxetex conditional
)
("C:\Program Files (x86)\MiKTeX 2.9\tex\latex\oberdiek\auxhook.sty"
Package: auxhook 2011/03/04 v1.3 Hooks for auxiliary files (HO)
)
("C:\Program Files (x86)\MiKTeX 2.9\tex\latex\oberdiek\kvoptions.sty"
Package: kvoptions 2011/06/30 v3.11 Key value format for package options (HO)
)
\@linkdim=\dimen113
\Hy@linkcounter=\count92
\Hy@pagecounter=\count93

("C:\Program Files (x86)\MiKTeX 2.9\tex\latex\hyperref\pd1enc.def"
File: pd1enc.def 2012/11/06 v6.83m Hyperref: PDFDocEncoding definition (HO)
Now handling font encoding PD1 ...
... no UTF-8 mapping file for font encoding PD1
)
\Hy@SavedSpaceFactor=\count94

("C:\Program Files (x86)\MiKTeX 2.9\tex\latex\00miktex\hyperref.cfg"
File: hyperref.cfg 2002/06/06 v1.2 hyperref configuration of TeXLive
)
Package hyperref Info: Hyper figures OFF on input line 4443.
Package hyperref Info: Link nesting OFF on input line 4448.
Package hyperref Info: Hyper index ON on input line 4451.
Package hyperref Info: Plain pages OFF on input line 4458.
Package hyperref Info: Backreferencing OFF on input line 4463.
Package hyperref Info: Implicit mode ON; LaTeX internals redefined.
Package hyperref Info: Bookmarks ON on input line 4688.
\c@Hy@tempcnt=\count95

("C:\Program Files (x86)\MiKTeX 2.9\tex\latex\url\url.sty"
\Urlmuskip=\muskip10
Package: url 2013/09/16  ver 3.4  Verb mode for urls, etc.
)
LaTeX Info: Redefining \url on input line 5041.
\XeTeXLinkMargin=\dimen114
\Fld@menulength=\count96
\Field@Width=\dimen115
\Fld@charsize=\dimen116
Package hyperref Info: Hyper figures OFF on input line 6295.
Package hyperref Info: Link nesting OFF on input line 6300.
Package hyperref Info: Hyper index ON on input line 6303.
Package hyperref Info: backreferencing OFF on input line 6310.
Package hyperref Info: Link coloring OFF on input line 6315.
Package hyperref Info: Link coloring with OCG OFF on input line 6320.
Package hyperref Info: PDF/A mode OFF on input line 6325.
LaTeX Info: Redefining \ref on input line 6365.
LaTeX Info: Redefining \pageref on input line 6369.
\Hy@abspage=\count97
\c@Item=\count98
\c@Hfootnote=\count99
)

Package hyperref Message: Driver (autodetected): hpdftex.

("C:\Program Files (x86)\MiKTeX 2.9\tex\latex\hyperref\hpdftex.def"
File: hpdftex.def 2012/11/06 v6.83m Hyperref driver for pdfTeX
\Fld@listcount=\count100
\c@bookmark@seq@number=\count101

("C:\Program Files (x86)\MiKTeX 2.9\tex\latex\oberdiek\rerunfilecheck.sty"
Package: rerunfilecheck 2011/04/15 v1.7 Rerun checks for auxiliary files (HO)
Package uniquecounter Info: New unique counter `rerunfilecheck' on input line 2
82.
)
\Hy@SectionHShift=\skip52
)
("C:\Program Files (x86)\MiKTeX 2.9\tex\latex\amsmath\amsmath.sty"
Package: amsmath 2013/01/14 v2.14 AMS math features
\@mathmargin=\skip53

For additional information on amsmath, use the `?' option.
("C:\Program Files (x86)\MiKTeX 2.9\tex\latex\amsmath\amstext.sty"
Package: amstext 2000/06/29 v2.01

("C:\Program Files (x86)\MiKTeX 2.9\tex\latex\amsmath\amsgen.sty"
File: amsgen.sty 1999/11/30 v2.0
\@emptytoks=\toks17
\ex@=\dimen117
))
("C:\Program Files (x86)\MiKTeX 2.9\tex\latex\amsmath\amsbsy.sty"
Package: amsbsy 1999/11/29 v1.2d
\pmbraise@=\dimen118
)
("C:\Program Files (x86)\MiKTeX 2.9\tex\latex\amsmath\amsopn.sty"
Package: amsopn 1999/12/14 v2.01 operator names
)
\inf@bad=\count102
LaTeX Info: Redefining \frac on input line 210.
\uproot@=\count103
\leftroot@=\count104
LaTeX Info: Redefining \overline on input line 306.
\classnum@=\count105
\DOTSCASE@=\count106
LaTeX Info: Redefining \ldots on input line 378.
LaTeX Info: Redefining \dots on input line 381.
LaTeX Info: Redefining \cdots on input line 466.
\Mathstrutbox@=\box26
\strutbox@=\box27
\big@size=\dimen119
LaTeX Font Info:    Redeclaring font encoding OML on input line 566.
LaTeX Font Info:    Redeclaring font encoding OMS on input line 567.
\macc@depth=\count107
\c@MaxMatrixCols=\count108
\dotsspace@=\muskip11
\c@parentequation=\count109
\dspbrk@lvl=\count110
\tag@help=\toks18
\row@=\count111
\column@=\count112
\maxfields@=\count113
\andhelp@=\toks19
\eqnshift@=\dimen120
\alignsep@=\dimen121
\tagshift@=\dimen122
\tagwidth@=\dimen123
\totwidth@=\dimen124
\lineht@=\dimen125
\@envbody=\toks20
\multlinegap=\skip54
\multlinetaggap=\skip55
\mathdisplay@stack=\toks21
LaTeX Info: Redefining \[ on input line 2665.
LaTeX Info: Redefining \] on input line 2666.
)
("C:\Program Files (x86)\MiKTeX 2.9\tex\latex\amsfonts\amssymb.sty"
Package: amssymb 2013/01/14 v3.01 AMS font symbols

("C:\Program Files (x86)\MiKTeX 2.9\tex\latex\amsfonts\amsfonts.sty"
Package: amsfonts 2013/01/14 v3.01 Basic AMSFonts support
\symAMSa=\mathgroup4
\symAMSb=\mathgroup5
LaTeX Font Info:    Overwriting math alphabet `\mathfrak' in version `bold'
(Font)                  U/euf/m/n --> U/euf/b/n on input line 106.
))
("C:\Program Files (x86)\MiKTeX 2.9\tex\latex\base\latexsym.sty"
Package: latexsym 1998/08/17 v2.2e Standard LaTeX package (lasy symbols)
\symlasy=\mathgroup6
LaTeX Font Info:    Overwriting symbol font `lasy' in version `bold'
(Font)                  U/lasy/m/n --> U/lasy/b/n on input line 47.
)
("C:\Program Files (x86)\MiKTeX 2.9\tex\latex\eepic\epic.sty"
Enhancements to Picture Environment. Version 1.2 - Released June 1, 1986
\@@multicnt=\count114
\d@lta=\count115
\@delta=\dimen126
\@@delta=\dimen127
\@gridcnt=\count116
\@joinkind=\count117
\@dotgap=\dimen128
\@ddotgap=\dimen129
\@x@diff=\count118
\@y@diff=\count119
\x@diff=\dimen130
\y@diff=\dimen131
\@dotbox=\box28
\num@segments=\count120
\num@segmentsi=\count121
\@datafile=\read1
) ("C:\Program Files (x86)\MiKTeX 2.9\tex\latex\eepic\eepic.sty"
Extension to Epic and LaTeX. Version 1.1e - Released Dec 21, 1999
\@gphlinewidth=\count122
\@eepictcnt=\count123
\@tempdimc=\dimen132
\maxovaldiam=\dimen133
\@filltype=\box29
) ("C:\Program Files (x86)\MiKTeX 2.9\tex\latex\graphics\epsfig.sty"
Package: epsfig 1999/02/16 v1.7a (e)psfig emulation (SPQR)
\epsfxsize=\dimen134
\epsfysize=\dimen135
)
("C:\Program Files (x86)\MiKTeX 2.9\tex\latex\psfrag\psfrag.sty"
Package: psfrag 1998/04/11 v3.04 PSfrag (MCG)
\pfg@pcount=\count124
\pfg@scount=\count125
\pfg@temp=\write3
)
("C:\Program Files (x86)\MiKTeX 2.9\tex\latex\tools\theorem.sty"
Package: theorem 1995/11/23 v2.2c Theorem extension package (FMi)
\theorem@style=\toks22
\theorem@bodyfont=\toks23
\theorempreskipamount=\skip56
\theorempostskipamount=\skip57

("C:\Program Files (x86)\MiKTeX 2.9\tex\latex\tools\thp.sty"
File: thp.sty 1995/11/23 v2.2c Theorem extension package (FMi)
))
\c@lemma=\count126
\c@example=\count127
)
Package hyperref Info: Option `colorlinks' set `true' on input line 39.
Package hyperref Info: Option `breaklinks' set `true' on input line 39.
Package hyperref Info: Option `bookmarksopen' set `true' on input line 39.
Package hyperref Info: Option `bookmarksnumbered' set `true' on input line 39.
Package hyperref Info: Option `plainpages' set `false' on input line 39.

(C:\D\scoala\teza\thesis_final\Thesis.aux
(C:\D\scoala\teza\thesis_final\Chapter1.aux)
(C:\D\scoala\teza\thesis_final\Chapter2.aux)
(C:\D\scoala\teza\thesis_final\Chapter3.aux)
(C:\D\scoala\teza\thesis_final\Chapter4.aux)
(C:\D\scoala\teza\thesis_final\Appendix1.aux))
LaTeX Font Info:    Checking defaults for OML/cmm/m/it on input line 50.
LaTeX Font Info:    ... okay on input line 50.
LaTeX Font Info:    Checking defaults for T1/cmr/m/n on input line 50.
LaTeX Font Info:    ... okay on input line 50.
LaTeX Font Info:    Checking defaults for OT1/cmr/m/n on input line 50.
LaTeX Font Info:    ... okay on input line 50.
LaTeX Font Info:    Checking defaults for OMS/cmsy/m/n on input line 50.
LaTeX Font Info:    ... okay on input line 50.
LaTeX Font Info:    Checking defaults for OMX/cmex/m/n on input line 50.
LaTeX Font Info:    ... okay on input line 50.
LaTeX Font Info:    Checking defaults for U/cmr/m/n on input line 50.
LaTeX Font Info:    ... okay on input line 50.
LaTeX Font Info:    Checking defaults for PD1/pdf/m/n on input line 50.
LaTeX Font Info:    ... okay on input line 50.

("C:\Program Files (x86)\MiKTeX 2.9\tex\context\base\supp-pdf.mkii"
[Loading MPS to PDF converter (version 2006.09.02).]
\scratchcounter=\count128
\scratchdimen=\dimen136
\scratchbox=\box30
\nofMPsegments=\count129
\nofMParguments=\count130
\everyMPshowfont=\toks24
\MPscratchCnt=\count131
\MPscratchDim=\dimen137
\MPnumerator=\count132
\makeMPintoPDFobject=\count133
\everyMPtoPDFconversion=\toks25
)
Package caption Info: Begin \AtBeginDocument code.
Package caption Info: hyperref package is loaded.
Package caption Info: End \AtBeginDocument code.
\AtBeginShipoutBox=\box31
Package hyperref Info: Link coloring ON on input line 50.
 ("C:\Program Files (x86)\MiKTeX 2.9\tex\latex\hyperref\nameref.sty"
Package: nameref 2012/10/27 v2.43 Cross-referencing by name of section

("C:\Program Files (x86)\MiKTeX 2.9\tex\generic\oberdiek\gettitlestring.sty"
Package: gettitlestring 2010/12/03 v1.4 Cleanup title references (HO)
)
\c@section@level=\count134
LaTeX Info: Redefining \Ref on input line 513.
)
LaTeX Info: Redefining \ref on input line 50.
LaTeX Info: Redefining \pageref on input line 50.
LaTeX Info: Redefining \nameref on input line 50.

(C:\D\scoala\teza\thesis_final\Thesis.out)
(C:\D\scoala\teza\thesis_final\Thesis.out)
\@outlinefile=\write4
LaTeX Info: Redefining \Ref on input line 50.
LaTeX Font Info:    Try loading font information for T1+cmss on input line 54.

("C:\Program Files (x86)\MiKTeX 2.9\tex\latex\base\t1cmss.fd"
File: t1cmss.fd 1999/05/25 v2.5h Standard LaTeX font definitions
)
<figures/DTU-logo.pdf, id=146, 38.98846pt x 56.87358pt>
File: figures/DTU-logo.pdf Graphic file (type pdf)

<use figures/DTU-logo.pdf>
Package pdftex.def Info: figures/DTU-logo.pdf used on input line 54.
(pdftex.def)             Requested size: 77.97668pt x 113.74683pt.
 [1
Non-PDF special ignored!

{C:/ProgramData/MiKTeX/2.9/pdftex/config/pdftex.map} <C:/D/scoala/teza/thesis_f
inal/figures/DTU-logo.pdf>] [2]
(C:\D\scoala\teza\thesis_final\SummaryUK.tex
LaTeX Font Info:    Try loading font information for U+msa on input line 1.

("C:\Program Files (x86)\MiKTeX 2.9\tex\latex\amsfonts\umsa.fd"
File: umsa.fd 2013/01/14 v3.01 AMS symbols A
)
LaTeX Font Info:    Try loading font information for U+msb on input line 1.

("C:\Program Files (x86)\MiKTeX 2.9\tex\latex\amsfonts\umsb.fd"
File: umsb.fd 2013/01/14 v3.01 AMS symbols B
)
LaTeX Font Info:    Try loading font information for U+lasy on input line 1.

("C:\Program Files (x86)\MiKTeX 2.9\tex\latex\base\ulasy.fd"
File: ulasy.fd 1998/08/17 v2.2e LaTeX symbol font definitions
))
(C:\D\scoala\teza\thesis_final\SummaryDK.tex [1


] [2

])
(C:\D\scoala\teza\thesis_final\Preface.tex [3] [4

]
<figures/SignatureDummy.jpg, id=181, 257.46187pt x 103.13531pt>
File: figures/SignatureDummy.jpg Graphic file (type jpg)

<use figures/SignatureDummy.jpg>
Package pdftex.def Info: figures/SignatureDummy.jpg used on input line 15.
(pdftex.def)             Requested size: 128.7306pt x 51.56752pt.
)
(C:\D\scoala\teza\thesis_final\Acknowledgements.tex [5 <C:/D/scoala/teza/thesis
_final/figures/SignatureDummy.jpg>] [6

]) [7] [8]
(C:\D\scoala\teza\thesis_final\Thesis.toc [9

])
\tf@toc=\write5
 [10]
(C:\D\scoala\teza\thesis_final\Chapter1.tex
Chapter 1.

LaTeX Warning: Citation `Pentland' on page 1 undefined on input line 7.

<figures/dynamicsf2f.png, id=257, 938.00438pt x 247.67531pt>
File: figures/dynamicsf2f.png Graphic file (type png)

<use figures/dynamicsf2f.png>
Package pdftex.def Info: figures/dynamicsf2f.png used on input line 10.
(pdftex.def)             Requested size: 328.30644pt x 86.68765pt.


LaTeX Warning: `h' float specifier changed to `ht'.

[1



]
LaTeX Font Info:    Try loading font information for OMS+cmr on input line 28.
 ("C:\Program Files (x86)\MiKTeX 2.9\tex\latex\base\omscmr.fd"
File: omscmr.fd 1999/05/25 v2.5h Standard LaTeX font definitions
)
LaTeX Font Info:    Font shape `OMS/cmr/m/n' in size <10> not available
(Font)              Font shape `OMS/cmsy/m/n' tried instead on input line 28.
 [2 <C:/D/scoala/teza/thesis_final/figures/dynamicsf2f.png>]) [3]
(C:\D\scoala\teza\thesis_final\Chapter2.tex [4



]
Chapter 2.
[5] <figures/galaxy-nexus-battery.png, id=330, 722.7pt x 1284.8pt>
File: figures/galaxy-nexus-battery.png Graphic file (type png)

<use figures/galaxy-nexus-battery.png>
Package pdftex.def Info: figures/galaxy-nexus-battery.png used on input line 22
.
(pdftex.def)             Requested size: 144.53743pt x 256.95544pt.


LaTeX Warning: `h' float specifier changed to `ht'.

<figures/SC_Arch.png, id=332, 437.635pt x 435.6275pt>
File: figures/SC_Arch.png Graphic file (type png)

<use figures/SC_Arch.png>
Package pdftex.def Info: figures/SC_Arch.png used on input line 34.
(pdftex.def)             Requested size: 218.81696pt x 217.81322pt.


LaTeX Warning: `h' float specifier changed to `ht'.

File: figures/galaxy-nexus-battery.png Graphic file (type png)
<use figures/galaxy-nexus-battery.png>
Package pdftex.def Info: figures/galaxy-nexus-battery.png used on input line 46
.
(pdftex.def)             Requested size: 144.53743pt x 256.95544pt.


LaTeX Warning: `h' float specifier changed to `ht'.

[6] [7 <C:/D/scoala/teza/thesis_final/figures/galaxy-nexus-battery.png>]
LaTeX Font Info:    Try loading font information for T1+cmtt on input line 71.

("C:\Program Files (x86)\MiKTeX 2.9\tex\latex\base\t1cmtt.fd"
File: t1cmtt.fd 1999/05/25 v2.5h Standard LaTeX font definitions
)
Underfull \vbox (badness 1264) has occurred while \output is active []

 [8 <C:/D/scoala/teza/thesis_final/figures/SC_Arch.png>] [9]
<figures/datastore.png, id=366, 507.39563pt x 332.74312pt>
File: figures/datastore.png Graphic file (type png)

<use figures/datastore.png>
Package pdftex.def Info: figures/datastore.png used on input line 85.
(pdftex.def)             Requested size: 405.91705pt x 266.19484pt.

Overfull \hbox (60.61441pt too wide) in paragraph at lines 85--86
 [] 
 []


Underfull \vbox (badness 10000) has occurred while \output is active []

 [10 <C:/D/scoala/teza/thesis_final/figures/datastore.png>] [11]
<figures/timechain.png, id=384, 545.78906pt x 39.14626pt>
File: figures/timechain.png Graphic file (type png)

<use figures/timechain.png>
Package pdftex.def Info: figures/timechain.png used on input line 136.
(pdftex.def)             Requested size: 327.47595pt x 23.48792pt.


LaTeX Warning: `h' float specifier changed to `ht'.

[12] <figures/taggedyes.png, id=392, 556.32843pt x 127.22531pt>
File: figures/taggedyes.png Graphic file (type png)

<use figures/taggedyes.png>
Package pdftex.def Info: figures/taggedyes.png used on input line 152.
(pdftex.def)             Requested size: 333.79964pt x 76.33577pt.

<figures/division.png, id=394, 442.2924pt x 442.2924pt>
File: figures/division.png Graphic file (type png)

<use figures/division.png>
Package pdftex.def Info: figures/division.png used on input line 164.
(pdftex.def)             Requested size: 265.37749pt x 265.37749pt.


LaTeX Warning: `h' float specifier changed to `ht'.

) [13 <C:/D/scoala/teza/thesis_final/figures/timechain.png> <C:/D/scoala/teza/t
hesis_final/figures/taggedyes.png>] [14 <C:/D/scoala/teza/thesis_final/figures/
division.png>] (C:\D\scoala\teza\thesis_final\Chapter3.tex
Chapter 3.
[15



] [16] <figures/ANN.png, id=430, 420.57124pt x 488.82625pt>
File: figures/ANN.png Graphic file (type png)

<use figures/ANN.png>
Package pdftex.def Info: figures/ANN.png used on input line 40.
(pdftex.def)             Requested size: 252.3447pt x 293.298pt.


LaTeX Warning: `h' float specifier changed to `ht'.

<figures/neuron.png, id=433, 800.9925pt x 590.205pt>
File: figures/neuron.png Graphic file (type png)
 <use figures/neuron.png>
Package pdftex.def Info: figures/neuron.png used on input line 52.
(pdftex.def)             Requested size: 240.29959pt x 177.06287pt.


LaTeX Warning: `h' float specifier changed to `ht'.

[17] [18 <C:/D/scoala/teza/thesis_final/figures/ANN.png>] [19 <C:/D/scoala/teza
/thesis_final/figures/neuron.png>]
<figures/ann_simple.png, id=468, 586.8324pt x 442.2924pt>
File: figures/ann_simple.png Graphic file (type png)

<use figures/ann_simple.png>
Package pdftex.def Info: figures/ann_simple.png used on input line 110.
(pdftex.def)             Requested size: 352.10216pt x 265.37749pt.

Overfull \hbox (6.79951pt too wide) in paragraph at lines 110--111
 [] 
 []


LaTeX Warning: `h' float specifier changed to `ht'.

[20] [21 <C:/D/scoala/teza/thesis_final/figures/ann_simple.png>]
<figures/ann_params2.png, id=490, 586.8324pt x 442.2924pt>
File: figures/ann_params2.png Graphic file (type png)

<use figures/ann_params2.png>
Package pdftex.def Info: figures/ann_params2.png used on input line 128.
(pdftex.def)             Requested size: 352.10216pt x 265.37749pt.

Overfull \hbox (6.79951pt too wide) in paragraph at lines 128--129
 [] 
 []

[22 <C:/D/scoala/teza/thesis_final/figures/ann_params2.png>]
<figures/ann_params1.png, id=500, 586.8324pt x 442.2924pt>
File: figures/ann_params1.png Graphic file (type png)

<use figures/ann_params1.png>
Package pdftex.def Info: figures/ann_params1.png used on input line 140.
(pdftex.def)             Requested size: 352.10216pt x 265.37749pt.

Overfull \hbox (6.79951pt too wide) in paragraph at lines 140--141
 [] 
 []

[23 <C:/D/scoala/teza/thesis_final/figures/ann_params1.png>]
<figures/ann_chain.png, id=507, 586.8324pt x 442.2924pt>
File: figures/ann_chain.png Graphic file (type png)

<use figures/ann_chain.png>
Package pdftex.def Info: figures/ann_chain.png used on input line 154.
(pdftex.def)             Requested size: 293.41548pt x 221.14566pt.

<figures/ann_total.png, id=509, 586.8324pt x 442.2924pt>
File: figures/ann_total.png Graphic file (type png)

<use figures/ann_total.png>
Package pdftex.def Info: figures/ann_total.png used on input line 168.
(pdftex.def)             Requested size: 352.10216pt x 265.37749pt.

Overfull \hbox (6.79951pt too wide) in paragraph at lines 168--169
 [] 
 []


LaTeX Warning: `h' float specifier changed to `ht'.


LaTeX Warning: Reference `logmodel' on page 24 undefined on input line 179.


Underfull \vbox (badness 1132) has occurred while \output is active []

 [24 <C:/D/scoala/teza/thesis_final/figures/ann_chain.png>]
Underfull \vbox (badness 10000) has occurred while \output is active []

 [25 <C:/D/scoala/teza/thesis_final/figures/ann_total.png>]

LaTeX Warning: Reference `kleinbaum2010logistic' on page 26 undefined on input 
line 192.

<figures/logit.png, id=525, 521.95pt x 321.2pt>
File: figures/logit.png Graphic file (type png)
 <use figures/logit.png>
Package pdftex.def Info: figures/logit.png used on input line 201.
(pdftex.def)             Requested size: 260.97435pt x 160.59961pt.

[26 <C:/D/scoala/teza/thesis_final/figures/logit.png>]
<figures/logic_tot.png, id=542, 586.8324pt x 442.2924pt>
File: figures/logic_tot.png Graphic file (type png)

<use figures/logic_tot.png>
Package pdftex.def Info: figures/logic_tot.png used on input line 238.
(pdftex.def)             Requested size: 410.77988pt x 309.60257pt.

Overfull \hbox (65.47723pt too wide) in paragraph at lines 238--239
 [] 
 []


LaTeX Warning: `h' float specifier changed to `ht'.

[27]
Underfull \vbox (badness 10000) has occurred while \output is active []

 [28 <C:/D/scoala/teza/thesis_final/figures/logic_tot.png>] [29]
Underfull \vbox (badness 1117) has occurred while \output is active []

 [30]
<figures/naive_tot.png, id=576, 586.8324pt x 442.2924pt>
File: figures/naive_tot.png Graphic file (type png)

<use figures/naive_tot.png>
Package pdftex.def Info: figures/naive_tot.png used on input line 298.
(pdftex.def)             Requested size: 410.77988pt x 309.60257pt.

Overfull \hbox (65.47723pt too wide) in paragraph at lines 298--299
 [] 
 []

[31 <C:/D/scoala/teza/thesis_final/figures/naive_tot.png>] [32]
<figures/total_tot.png, id=590, 586.8324pt x 442.2924pt>
File: figures/total_tot.png Graphic file (type png)

<use figures/total_tot.png>
Package pdftex.def Info: figures/total_tot.png used on input line 330.
(pdftex.def)             Requested size: 352.10216pt x 265.37749pt.

Overfull \hbox (6.79951pt too wide) in paragraph at lines 330--331
 [] 
 []

[33 <C:/D/scoala/teza/thesis_final/figures/total_tot.png>]
<figures/time1_tot.png, id=596, 586.8324pt x 442.2924pt>
File: figures/time1_tot.png Graphic file (type png)

<use figures/time1_tot.png>
Package pdftex.def Info: figures/time1_tot.png used on input line 350.
(pdftex.def)             Requested size: 352.10216pt x 265.37749pt.

Overfull \hbox (6.79951pt too wide) in paragraph at lines 350--351
 [] 
 []

[34 <C:/D/scoala/teza/thesis_final/figures/time1_tot.png>]
<figures/time2_tot.png, id=607, 586.8324pt x 442.2924pt>
File: figures/time2_tot.png Graphic file (type png)

<use figures/time2_tot.png>
Package pdftex.def Info: figures/time2_tot.png used on input line 366.
(pdftex.def)             Requested size: 352.10216pt x 265.37749pt.

Overfull \hbox (6.79951pt too wide) in paragraph at lines 366--367
 [] 
 []

[35 <C:/D/scoala/teza/thesis_final/figures/time2_tot.png>]) [36]
(C:\D\scoala\teza\thesis_final\Chapter4.tex
Chapter 4.
[37



]) [38] (C:\D\scoala\teza\thesis_final\Appendix1.tex
Appendix A.
) [39



] [40


] (C:\D\scoala\teza\thesis_final\Thesis.bbl [41

] [42]
Underfull \hbox (badness 10000) in paragraph at lines 118--120
[]\T1/cmr/m/n/10 ``Samsung galaxy nexus.'' [][]$\T1/cmtt/m/n/10 http : / / www 
. samsung . com / us / mobile /$
 []


Underfull \hbox (badness 4303) in paragraph at lines 128--130
[]\T1/cmr/m/n/10 ``Google app en-gine.'' [][]$\T1/cmtt/m/n/10 https : / / devel
opers . google . com / appengine/$[][]\T1/cmr/m/n/10 ,
 []


Underfull \hbox (badness 10000) in paragraph at lines 132--135
[]\T1/cmr/m/n/10 ``Android ac-tiv-ity.'' [][]$\T1/cmtt/m/n/10 http : / / develo
per . android . com / reference /$
 []


Underfull \hbox (badness 10000) in paragraph at lines 137--140
[]\T1/cmr/m/n/10 ``Intentservice.'' [][]$\T1/cmtt/m/n/10 http : / / developer .
 android . com / reference / android /$
 []


Underfull \hbox (badness 10000) in paragraph at lines 171--173
[]\T1/cmr/m/n/10 ``Neural net-work tool-box.'' [][]$\T1/cmtt/m/n/10 https : / /
 github . com / IssamLaradji /$
 []

[43] [44])
Package atveryend Info: Empty hook `BeforeClearDocument' on input line 100.
 [45]
Package atveryend Info: Empty hook `AfterLastShipout' on input line 100.
 (C:\D\scoala\teza\thesis_final\Thesis.aux
(C:\D\scoala\teza\thesis_final\Chapter1.aux)
(C:\D\scoala\teza\thesis_final\Chapter2.aux)
(C:\D\scoala\teza\thesis_final\Chapter3.aux)
(C:\D\scoala\teza\thesis_final\Chapter4.aux)
(C:\D\scoala\teza\thesis_final\Appendix1.aux))
Package atveryend Info: Executing hook `AtVeryEndDocument' on input line 100.
Package atveryend Info: Executing hook `AtEndAfterFileList' on input line 100.
Package rerunfilecheck Info: File `Thesis.out' has not changed.
(rerunfilecheck)             Checksum: E24CE7CB9AB0D71EDF6831F6DB8EE4F1;2326.


LaTeX Warning: There were undefined references.

Package atveryend Info: Empty hook `AtVeryVeryEnd' on input line 100.
 ) 
Here is how much of TeX's memory you used:
 9186 strings out of 493706
 133237 string characters out of 3142172
 231473 words of memory out of 3000000
 12108 multiletter control sequences out of 15000+200000
 26810 words of font info for 68 fonts, out of 3000000 for 9000
 1025 hyphenation exceptions out of 8191
 43i,12n,45p,911b,504s stack positions out of 5000i,500n,10000p,200000b,50000s
 <C:\Users\Teo\AppData\Local\MiKTeX\2.9\fonts\pk\ljfour\jknappen\ec\dpi600\ec
tt1000.pk> <C:\Users\Teo\AppData\Local\MiKTeX\2.9\fonts\pk\ljfour\jknappen\ec\d
pi600\ecti1000.pk> <C:\Users\Teo\AppData\Local\MiKTeX\2.9\fonts\pk\ljfour\jknap
pen\ec\dpi600\ecbx1200.pk> <C:\Users\Teo\AppData\Local\MiKTeX\2.9\fonts\pk\ljfo
ur\jknappen\ec\dpi600\ecbx1440.pk> <C:\Users\Teo\AppData\Local\MiKTeX\2.9\fonts
\pk\ljfour\jknappen\ec\dpi600\ecrm2488.pk> <C:\Users\Teo\AppData\Local\MiKTeX\2
.9\fonts\pk\ljfour\jknappen\ec\dpi600\eccc1200.pk> <C:\Users\Teo\AppData\Local\
MiKTeX\2.9\fonts\pk\ljfour\jknappen\ec\dpi600\ecbx1000.pk> <C:\Users\Teo\AppDat
a\Local\MiKTeX\2.9\fonts\pk\ljfour\jknappen\ec\dpi600\ecsx1000.pk> <C:\Users\Te
o\AppData\Local\MiKTeX\2.9\fonts\pk\ljfour\jknappen\ec\dpi600\ecrm1000.pk> <C:\
Users\Teo\AppData\Local\MiKTeX\2.9\fonts\pk\ljfour\jknappen\ec\dpi600\ecsx2488.
pk> <C:\Users\Teo\AppData\Local\MiKTeX\2.9\fonts\pk\ljfour\jknappen\ec\dpi600\e
css1000.pk> <C:\Users\Teo\AppData\Local\MiKTeX\2.9\fonts\pk\ljfour\jknappen\ec\
dpi600\ecss0900.pk> <C:\Users\Teo\AppData\Local\MiKTeX\2.9\fonts\pk\ljfour\jkna
ppen\ec\dpi600\ecss1728.pk> <C:\Users\Teo\AppData\Local\MiKTeX\2.9\fonts\pk\ljf
our\jknappen\ec\dpi600\ecsx2074.pk><C:/Program Files (x86)/MiKTeX 2.9/fonts/typ
e1/public/amsfonts/cm/cmex10.pfb><C:/Program Files (x86)/MiKTeX 2.9/fonts/type1
/public/amsfonts/cm/cmmi10.pfb><C:/Program Files (x86)/MiKTeX 2.9/fonts/type1/p
ublic/amsfonts/cm/cmmi5.pfb><C:/Program Files (x86)/MiKTeX 2.9/fonts/type1/publ
ic/amsfonts/cm/cmmi7.pfb><C:/Program Files (x86)/MiKTeX 2.9/fonts/type1/public/
amsfonts/cm/cmr10.pfb><C:/Program Files (x86)/MiKTeX 2.9/fonts/type1/public/ams
fonts/cm/cmr5.pfb><C:/Program Files (x86)/MiKTeX 2.9/fonts/type1/public/amsfont
s/cm/cmr7.pfb><C:/Program Files (x86)/MiKTeX 2.9/fonts/type1/public/amsfonts/cm
/cmsy10.pfb><C:/Program Files (x86)/MiKTeX 2.9/fonts/type1/public/amsfonts/cm/c
msy5.pfb><C:/Program Files (x86)/MiKTeX 2.9/fonts/type1/public/amsfonts/cm/cmsy
7.pfb>
Output written on Thesis.pdf (57 pages, 1206542 bytes).
PDF statistics:
 1314 PDF objects out of 1440 (max. 8388607)
 167 named destinations out of 1000 (max. 500000)
 399 words of extra memory for PDF output out of 10000 (max. 10000000)

